<?xml version="1.0" encoding="UTF-8"?>
<testng-results skipped="0" failed="0" ignored="0" total="2" passed="2">
  <reporter-output>
  </reporter-output>
  <suite name="Suite1" duration-ms="21101" started-at="2019-06-24T20:55:58Z" finished-at="2019-06-24T20:56:19Z">
    <groups>
    </groups>
    <test name="Test1" duration-ms="21101" started-at="2019-06-24T20:55:58Z" finished-at="2019-06-24T20:56:19Z">
      <class name="testNGdemo.TestNgDemo">
        <test-method status="PASS" signature="testSetup()[pri:0, instance:testNGdemo.TestNgDemo@77caeb3e]" name="testSetup" is-config="true" duration-ms="8115" started-at="2019-06-24T20:55:58Z" finished-at="2019-06-24T20:56:06Z">
          <reporter-output>
          </reporter-output>
        </test-method> <!-- testSetup -->
        <test-method status="PASS" signature="testSetup()[pri:0, instance:testNGdemo.TestNgDemo2@1e88b3c]" name="testSetup" is-config="true" duration-ms="6095" started-at="2019-06-24T20:56:06Z" finished-at="2019-06-24T20:56:12Z">
          <reporter-output>
          </reporter-output>
        </test-method> <!-- testSetup -->
        <test-method status="PASS" signature="testexcution()[pri:0, instance:testNGdemo.TestNgDemo@77caeb3e]" name="testexcution" duration-ms="6406" started-at="2019-06-24T20:56:13Z" finished-at="2019-06-24T20:56:19Z">
          <reporter-output>
          </reporter-output>
        </test-method> <!-- testexcution -->
        <test-method status="PASS" signature="endtext()[pri:0, instance:testNGdemo.TestNgDemo@77caeb3e]" name="endtext" is-config="true" duration-ms="183" started-at="2019-06-24T20:56:19Z" finished-at="2019-06-24T20:56:19Z">
          <reporter-output>
          </reporter-output>
        </test-method> <!-- endtext -->
        <test-method status="PASS" signature="endtext()[pri:0, instance:testNGdemo.TestNgDemo2@1e88b3c]" name="endtext" is-config="true" duration-ms="124" started-at="2019-06-24T20:56:19Z" finished-at="2019-06-24T20:56:19Z">
          <reporter-output>
          </reporter-output>
        </test-method> <!-- endtext -->
      </class> <!-- testNGdemo.TestNgDemo -->
      <class name="testNGdemo.TestNgDemo2">
        <test-method status="PASS" signature="testexcution2()[pri:0, instance:testNGdemo.TestNgDemo2@1e88b3c]" name="testexcution2" duration-ms="6347" started-at="2019-06-24T20:56:13Z" finished-at="2019-06-24T20:56:19Z">
          <reporter-output>
          </reporter-output>
        </test-method> <!-- testexcution2 -->
      </class> <!-- testNGdemo.TestNgDemo2 -->
    </test> <!-- Test1 -->
  </suite> <!-- Suite1 -->
</testng-results>
